<?xml version="1.0" encoding="UTF-8"?>
<testsuite xmlns:xsi="http://www.w3.org/2001/XMLSchema-instance" xsi:noNamespaceSchemaLocation="https://maven.apache.org/surefire/maven-surefire-plugin/xsd/surefire-test-report-3.0.xsd" version="3.0" name="com.financecalculator.financecalculator.VacationServiceImplTest" time="2.565" tests="3" errors="0" skipped="0" failures="0">
  <properties>
    <property name="java.specification.version" value="21"/>
    <property name="sun.jnu.encoding" value="UTF-8"/>
    <property name="java.class.path" value="/Users/craigbanksjr/Desktop/projects/full-stack-finance-calculator/backend/finance-calculator/target/test-classes:/Users/craigbanksjr/Desktop/projects/full-stack-finance-calculator/backend/finance-calculator/target/classes:/Users/craigbanksjr/.m2/repository/org/springframework/boot/spring-boot-starter-actuator/3.2.4/spring-boot-starter-actuator-3.2.4.jar:/Users/craigbanksjr/.m2/repository/org/springframework/boot/spring-boot-starter/3.2.4/spring-boot-starter-3.2.4.jar:/Users/craigbanksjr/.m2/repository/org/springframework/boot/spring-boot-starter-logging/3.2.4/spring-boot-starter-logging-3.2.4.jar:/Users/craigbanksjr/.m2/repository/ch/qos/logback/logback-classic/1.4.14/logback-classic-1.4.14.jar:/Users/craigbanksjr/.m2/repository/ch/qos/logback/logback-core/1.4.14/logback-core-1.4.14.jar:/Users/craigbanksjr/.m2/repository/org/apache/logging/log4j/log4j-to-slf4j/2.21.1/log4j-to-slf4j-2.21.1.jar:/Users/craigbanksjr/.m2/repository/org/apache/logging/log4j/log4j-api/2.21.1/log4j-api-2.21.1.jar:/Users/craigbanksjr/.m2/repository/org/slf4j/jul-to-slf4j/2.0.12/jul-to-slf4j-2.0.12.jar:/Users/craigbanksjr/.m2/repository/jakarta/annotation/jakarta.annotation-api/2.1.1/jakarta.annotation-api-2.1.1.jar:/Users/craigbanksjr/.m2/repository/org/yaml/snakeyaml/2.2/snakeyaml-2.2.jar:/Users/craigbanksjr/.m2/repository/org/springframework/boot/spring-boot-actuator-autoconfigure/3.2.4/spring-boot-actuator-autoconfigure-3.2.4.jar:/Users/craigbanksjr/.m2/repository/org/springframework/boot/spring-boot-actuator/3.2.4/spring-boot-actuator-3.2.4.jar:/Users/craigbanksjr/.m2/repository/com/fasterxml/jackson/core/jackson-databind/2.15.4/jackson-databind-2.15.4.jar:/Users/craigbanksjr/.m2/repository/com/fasterxml/jackson/core/jackson-annotations/2.15.4/jackson-annotations-2.15.4.jar:/Users/craigbanksjr/.m2/repository/com/fasterxml/jackson/core/jackson-core/2.15.4/jackson-core-2.15.4.jar:/Users/craigbanksjr/.m2/repository/com/fasterxml/jackson/datatype/jackson-datatype-jsr310/2.15.4/jackson-datatype-jsr310-2.15.4.jar:/Users/craigbanksjr/.m2/repository/io/micrometer/micrometer-observation/1.12.4/micrometer-observation-1.12.4.jar:/Users/craigbanksjr/.m2/repository/io/micrometer/micrometer-commons/1.12.4/micrometer-commons-1.12.4.jar:/Users/craigbanksjr/.m2/repository/io/micrometer/micrometer-jakarta9/1.12.4/micrometer-jakarta9-1.12.4.jar:/Users/craigbanksjr/.m2/repository/io/micrometer/micrometer-core/1.12.4/micrometer-core-1.12.4.jar:/Users/craigbanksjr/.m2/repository/org/hdrhistogram/HdrHistogram/2.1.12/HdrHistogram-2.1.12.jar:/Users/craigbanksjr/.m2/repository/org/latencyutils/LatencyUtils/2.0.3/LatencyUtils-2.0.3.jar:/Users/craigbanksjr/.m2/repository/org/springframework/boot/spring-boot-starter-data-jpa/3.2.4/spring-boot-starter-data-jpa-3.2.4.jar:/Users/craigbanksjr/.m2/repository/org/springframework/boot/spring-boot-starter-aop/3.2.4/spring-boot-starter-aop-3.2.4.jar:/Users/craigbanksjr/.m2/repository/org/springframework/spring-aop/6.1.5/spring-aop-6.1.5.jar:/Users/craigbanksjr/.m2/repository/org/aspectj/aspectjweaver/1.9.21/aspectjweaver-1.9.21.jar:/Users/craigbanksjr/.m2/repository/org/springframework/boot/spring-boot-starter-jdbc/3.2.4/spring-boot-starter-jdbc-3.2.4.jar:/Users/craigbanksjr/.m2/repository/com/zaxxer/HikariCP/5.0.1/HikariCP-5.0.1.jar:/Users/craigbanksjr/.m2/repository/org/springframework/spring-jdbc/6.1.5/spring-jdbc-6.1.5.jar:/Users/craigbanksjr/.m2/repository/org/hibernate/orm/hibernate-core/6.4.4.Final/hibernate-core-6.4.4.Final.jar:/Users/craigbanksjr/.m2/repository/jakarta/persistence/jakarta.persistence-api/3.1.0/jakarta.persistence-api-3.1.0.jar:/Users/craigbanksjr/.m2/repository/jakarta/transaction/jakarta.transaction-api/2.0.1/jakarta.transaction-api-2.0.1.jar:/Users/craigbanksjr/.m2/repository/org/jboss/logging/jboss-logging/3.5.3.Final/jboss-logging-3.5.3.Final.jar:/Users/craigbanksjr/.m2/repository/org/hibernate/common/hibernate-commons-annotations/6.0.6.Final/hibernate-commons-annotations-6.0.6.Final.jar:/Users/craigbanksjr/.m2/repository/io/smallrye/jandex/3.1.2/jandex-3.1.2.jar:/Users/craigbanksjr/.m2/repository/com/fasterxml/classmate/1.6.0/classmate-1.6.0.jar:/Users/craigbanksjr/.m2/repository/net/bytebuddy/byte-buddy/1.14.12/byte-buddy-1.14.12.jar:/Users/craigbanksjr/.m2/repository/org/glassfish/jaxb/jaxb-runtime/4.0.5/jaxb-runtime-4.0.5.jar:/Users/craigbanksjr/.m2/repository/org/glassfish/jaxb/jaxb-core/4.0.5/jaxb-core-4.0.5.jar:/Users/craigbanksjr/.m2/repository/org/eclipse/angus/angus-activation/2.0.2/angus-activation-2.0.2.jar:/Users/craigbanksjr/.m2/repository/org/glassfish/jaxb/txw2/4.0.5/txw2-4.0.5.jar:/Users/craigbanksjr/.m2/repository/com/sun/istack/istack-commons-runtime/4.1.2/istack-commons-runtime-4.1.2.jar:/Users/craigbanksjr/.m2/repository/jakarta/inject/jakarta.inject-api/2.0.1/jakarta.inject-api-2.0.1.jar:/Users/craigbanksjr/.m2/repository/org/antlr/antlr4-runtime/4.13.0/antlr4-runtime-4.13.0.jar:/Users/craigbanksjr/.m2/repository/org/springframework/data/spring-data-jpa/3.2.4/spring-data-jpa-3.2.4.jar:/Users/craigbanksjr/.m2/repository/org/springframework/data/spring-data-commons/3.2.4/spring-data-commons-3.2.4.jar:/Users/craigbanksjr/.m2/repository/org/springframework/spring-orm/6.1.5/spring-orm-6.1.5.jar:/Users/craigbanksjr/.m2/repository/org/springframework/spring-context/6.1.5/spring-context-6.1.5.jar:/Users/craigbanksjr/.m2/repository/org/springframework/spring-tx/6.1.5/spring-tx-6.1.5.jar:/Users/craigbanksjr/.m2/repository/org/springframework/spring-beans/6.1.5/spring-beans-6.1.5.jar:/Users/craigbanksjr/.m2/repository/org/slf4j/slf4j-api/2.0.12/slf4j-api-2.0.12.jar:/Users/craigbanksjr/.m2/repository/org/springframework/spring-aspects/6.1.5/spring-aspects-6.1.5.jar:/Users/craigbanksjr/.m2/repository/org/springframework/boot/spring-boot-starter-web/3.2.4/spring-boot-starter-web-3.2.4.jar:/Users/craigbanksjr/.m2/repository/org/springframework/boot/spring-boot-starter-json/3.2.4/spring-boot-starter-json-3.2.4.jar:/Users/craigbanksjr/.m2/repository/com/fasterxml/jackson/datatype/jackson-datatype-jdk8/2.15.4/jackson-datatype-jdk8-2.15.4.jar:/Users/craigbanksjr/.m2/repository/com/fasterxml/jackson/module/jackson-module-parameter-names/2.15.4/jackson-module-parameter-names-2.15.4.jar:/Users/craigbanksjr/.m2/repository/org/springframework/boot/spring-boot-starter-tomcat/3.2.4/spring-boot-starter-tomcat-3.2.4.jar:/Users/craigbanksjr/.m2/repository/org/apache/tomcat/embed/tomcat-embed-core/10.1.19/tomcat-embed-core-10.1.19.jar:/Users/craigbanksjr/.m2/repository/org/apache/tomcat/embed/tomcat-embed-el/10.1.19/tomcat-embed-el-10.1.19.jar:/Users/craigbanksjr/.m2/repository/org/apache/tomcat/embed/tomcat-embed-websocket/10.1.19/tomcat-embed-websocket-10.1.19.jar:/Users/craigbanksjr/.m2/repository/org/springframework/spring-web/6.1.5/spring-web-6.1.5.jar:/Users/craigbanksjr/.m2/repository/org/springframework/spring-webmvc/6.1.5/spring-webmvc-6.1.5.jar:/Users/craigbanksjr/.m2/repository/org/springframework/spring-expression/6.1.5/spring-expression-6.1.5.jar:/Users/craigbanksjr/.m2/repository/org/springframework/boot/spring-boot-devtools/3.2.4/spring-boot-devtools-3.2.4.jar:/Users/craigbanksjr/.m2/repository/org/springframework/boot/spring-boot/3.2.4/spring-boot-3.2.4.jar:/Users/craigbanksjr/.m2/repository/org/springframework/boot/spring-boot-autoconfigure/3.2.4/spring-boot-autoconfigure-3.2.4.jar:/Users/craigbanksjr/.m2/repository/org/postgresql/postgresql/42.6.2/postgresql-42.6.2.jar:/Users/craigbanksjr/.m2/repository/org/checkerframework/checker-qual/3.31.0/checker-qual-3.31.0.jar:/Users/craigbanksjr/.m2/repository/org/projectlombok/lombok/1.18.30/lombok-1.18.30.jar:/Users/craigbanksjr/.m2/repository/org/springframework/boot/spring-boot-starter-test/3.2.4/spring-boot-starter-test-3.2.4.jar:/Users/craigbanksjr/.m2/repository/org/springframework/boot/spring-boot-test/3.2.4/spring-boot-test-3.2.4.jar:/Users/craigbanksjr/.m2/repository/org/springframework/boot/spring-boot-test-autoconfigure/3.2.4/spring-boot-test-autoconfigure-3.2.4.jar:/Users/craigbanksjr/.m2/repository/com/jayway/jsonpath/json-path/2.9.0/json-path-2.9.0.jar:/Users/craigbanksjr/.m2/repository/jakarta/xml/bind/jakarta.xml.bind-api/4.0.2/jakarta.xml.bind-api-4.0.2.jar:/Users/craigbanksjr/.m2/repository/jakarta/activation/jakarta.activation-api/2.1.3/jakarta.activation-api-2.1.3.jar:/Users/craigbanksjr/.m2/repository/net/minidev/json-smart/2.5.0/json-smart-2.5.0.jar:/Users/craigbanksjr/.m2/repository/net/minidev/accessors-smart/2.5.0/accessors-smart-2.5.0.jar:/Users/craigbanksjr/.m2/repository/org/ow2/asm/asm/9.3/asm-9.3.jar:/Users/craigbanksjr/.m2/repository/org/assertj/assertj-core/3.24.2/assertj-core-3.24.2.jar:/Users/craigbanksjr/.m2/repository/org/awaitility/awaitility/4.2.0/awaitility-4.2.0.jar:/Users/craigbanksjr/.m2/repository/org/hamcrest/hamcrest/2.2/hamcrest-2.2.jar:/Users/craigbanksjr/.m2/repository/org/junit/jupiter/junit-jupiter/5.10.2/junit-jupiter-5.10.2.jar:/Users/craigbanksjr/.m2/repository/org/junit/jupiter/junit-jupiter-params/5.10.2/junit-jupiter-params-5.10.2.jar:/Users/craigbanksjr/.m2/repository/org/junit/jupiter/junit-jupiter-engine/5.10.2/junit-jupiter-engine-5.10.2.jar:/Users/craigbanksjr/.m2/repository/org/junit/platform/junit-platform-engine/1.10.2/junit-platform-engine-1.10.2.jar:/Users/craigbanksjr/.m2/repository/org/mockito/mockito-core/5.7.0/mockito-core-5.7.0.jar:/Users/craigbanksjr/.m2/repository/net/bytebuddy/byte-buddy-agent/1.14.12/byte-buddy-agent-1.14.12.jar:/Users/craigbanksjr/.m2/repository/org/objenesis/objenesis/3.3/objenesis-3.3.jar:/Users/craigbanksjr/.m2/repository/org/mockito/mockito-junit-jupiter/5.7.0/mockito-junit-jupiter-5.7.0.jar:/Users/craigbanksjr/.m2/repository/org/skyscreamer/jsonassert/1.5.1/jsonassert-1.5.1.jar:/Users/craigbanksjr/.m2/repository/com/vaadin/external/google/android-json/0.0.20131108.vaadin1/android-json-0.0.20131108.vaadin1.jar:/Users/craigbanksjr/.m2/repository/org/springframework/spring-core/6.1.5/spring-core-6.1.5.jar:/Users/craigbanksjr/.m2/repository/org/springframework/spring-jcl/6.1.5/spring-jcl-6.1.5.jar:/Users/craigbanksjr/.m2/repository/org/springframework/spring-test/6.1.5/spring-test-6.1.5.jar:/Users/craigbanksjr/.m2/repository/org/xmlunit/xmlunit-core/2.9.1/xmlunit-core-2.9.1.jar:/Users/craigbanksjr/.m2/repository/org/modelmapper/modelmapper/3.0.0/modelmapper-3.0.0.jar:/Users/craigbanksjr/.m2/repository/org/junit/jupiter/junit-jupiter-api/5.10.2/junit-jupiter-api-5.10.2.jar:/Users/craigbanksjr/.m2/repository/org/opentest4j/opentest4j/1.3.0/opentest4j-1.3.0.jar:/Users/craigbanksjr/.m2/repository/org/junit/platform/junit-platform-commons/1.10.2/junit-platform-commons-1.10.2.jar:/Users/craigbanksjr/.m2/repository/org/apiguardian/apiguardian-api/1.1.2/apiguardian-api-1.1.2.jar:"/>
    <property name="java.vm.vendor" value="Homebrew"/>
    <property name="sun.arch.data.model" value="64"/>
    <property name="java.vendor.url" value="https://github.com/Homebrew/homebrew-core/issues"/>
    <property name="user.timezone" value="America/Chicago"/>
    <property name="org.jboss.logging.provider" value="slf4j"/>
    <property name="os.name" value="Mac OS X"/>
    <property name="java.vm.specification.version" value="21"/>
    <property name="sun.java.launcher" value="SUN_STANDARD"/>
    <property name="user.country" value="US"/>
    <property name="sun.boot.library.path" value="/opt/homebrew/Cellar/openjdk/21.0.2/libexec/openjdk.jdk/Contents/Home/lib"/>
    <property name="sun.java.command" value="/Users/craigbanksjr/Desktop/projects/full-stack-finance-calculator/backend/finance-calculator/target/surefire/surefirebooter-20240416002839262_3.jar /Users/craigbanksjr/Desktop/projects/full-stack-finance-calculator/backend/finance-calculator/target/surefire 2024-04-16T00-28-39_218-jvmRun1 surefire-20240416002839262_1tmp surefire_0-20240416002839262_2tmp"/>
    <property name="http.nonProxyHosts" value="local|*.local|169.254/16|*.169.254/16"/>
    <property name="jdk.debug" value="release"/>
    <property name="surefire.test.class.path" value="/Users/craigbanksjr/Desktop/projects/full-stack-finance-calculator/backend/finance-calculator/target/test-classes:/Users/craigbanksjr/Desktop/projects/full-stack-finance-calculator/backend/finance-calculator/target/classes:/Users/craigbanksjr/.m2/repository/org/springframework/boot/spring-boot-starter-actuator/3.2.4/spring-boot-starter-actuator-3.2.4.jar:/Users/craigbanksjr/.m2/repository/org/springframework/boot/spring-boot-starter/3.2.4/spring-boot-starter-3.2.4.jar:/Users/craigbanksjr/.m2/repository/org/springframework/boot/spring-boot-starter-logging/3.2.4/spring-boot-starter-logging-3.2.4.jar:/Users/craigbanksjr/.m2/repository/ch/qos/logback/logback-classic/1.4.14/logback-classic-1.4.14.jar:/Users/craigbanksjr/.m2/repository/ch/qos/logback/logback-core/1.4.14/logback-core-1.4.14.jar:/Users/craigbanksjr/.m2/repository/org/apache/logging/log4j/log4j-to-slf4j/2.21.1/log4j-to-slf4j-2.21.1.jar:/Users/craigbanksjr/.m2/repository/org/apache/logging/log4j/log4j-api/2.21.1/log4j-api-2.21.1.jar:/Users/craigbanksjr/.m2/repository/org/slf4j/jul-to-slf4j/2.0.12/jul-to-slf4j-2.0.12.jar:/Users/craigbanksjr/.m2/repository/jakarta/annotation/jakarta.annotation-api/2.1.1/jakarta.annotation-api-2.1.1.jar:/Users/craigbanksjr/.m2/repository/org/yaml/snakeyaml/2.2/snakeyaml-2.2.jar:/Users/craigbanksjr/.m2/repository/org/springframework/boot/spring-boot-actuator-autoconfigure/3.2.4/spring-boot-actuator-autoconfigure-3.2.4.jar:/Users/craigbanksjr/.m2/repository/org/springframework/boot/spring-boot-actuator/3.2.4/spring-boot-actuator-3.2.4.jar:/Users/craigbanksjr/.m2/repository/com/fasterxml/jackson/core/jackson-databind/2.15.4/jackson-databind-2.15.4.jar:/Users/craigbanksjr/.m2/repository/com/fasterxml/jackson/core/jackson-annotations/2.15.4/jackson-annotations-2.15.4.jar:/Users/craigbanksjr/.m2/repository/com/fasterxml/jackson/core/jackson-core/2.15.4/jackson-core-2.15.4.jar:/Users/craigbanksjr/.m2/repository/com/fasterxml/jackson/datatype/jackson-datatype-jsr310/2.15.4/jackson-datatype-jsr310-2.15.4.jar:/Users/craigbanksjr/.m2/repository/io/micrometer/micrometer-observation/1.12.4/micrometer-observation-1.12.4.jar:/Users/craigbanksjr/.m2/repository/io/micrometer/micrometer-commons/1.12.4/micrometer-commons-1.12.4.jar:/Users/craigbanksjr/.m2/repository/io/micrometer/micrometer-jakarta9/1.12.4/micrometer-jakarta9-1.12.4.jar:/Users/craigbanksjr/.m2/repository/io/micrometer/micrometer-core/1.12.4/micrometer-core-1.12.4.jar:/Users/craigbanksjr/.m2/repository/org/hdrhistogram/HdrHistogram/2.1.12/HdrHistogram-2.1.12.jar:/Users/craigbanksjr/.m2/repository/org/latencyutils/LatencyUtils/2.0.3/LatencyUtils-2.0.3.jar:/Users/craigbanksjr/.m2/repository/org/springframework/boot/spring-boot-starter-data-jpa/3.2.4/spring-boot-starter-data-jpa-3.2.4.jar:/Users/craigbanksjr/.m2/repository/org/springframework/boot/spring-boot-starter-aop/3.2.4/spring-boot-starter-aop-3.2.4.jar:/Users/craigbanksjr/.m2/repository/org/springframework/spring-aop/6.1.5/spring-aop-6.1.5.jar:/Users/craigbanksjr/.m2/repository/org/aspectj/aspectjweaver/1.9.21/aspectjweaver-1.9.21.jar:/Users/craigbanksjr/.m2/repository/org/springframework/boot/spring-boot-starter-jdbc/3.2.4/spring-boot-starter-jdbc-3.2.4.jar:/Users/craigbanksjr/.m2/repository/com/zaxxer/HikariCP/5.0.1/HikariCP-5.0.1.jar:/Users/craigbanksjr/.m2/repository/org/springframework/spring-jdbc/6.1.5/spring-jdbc-6.1.5.jar:/Users/craigbanksjr/.m2/repository/org/hibernate/orm/hibernate-core/6.4.4.Final/hibernate-core-6.4.4.Final.jar:/Users/craigbanksjr/.m2/repository/jakarta/persistence/jakarta.persistence-api/3.1.0/jakarta.persistence-api-3.1.0.jar:/Users/craigbanksjr/.m2/repository/jakarta/transaction/jakarta.transaction-api/2.0.1/jakarta.transaction-api-2.0.1.jar:/Users/craigbanksjr/.m2/repository/org/jboss/logging/jboss-logging/3.5.3.Final/jboss-logging-3.5.3.Final.jar:/Users/craigbanksjr/.m2/repository/org/hibernate/common/hibernate-commons-annotations/6.0.6.Final/hibernate-commons-annotations-6.0.6.Final.jar:/Users/craigbanksjr/.m2/repository/io/smallrye/jandex/3.1.2/jandex-3.1.2.jar:/Users/craigbanksjr/.m2/repository/com/fasterxml/classmate/1.6.0/classmate-1.6.0.jar:/Users/craigbanksjr/.m2/repository/net/bytebuddy/byte-buddy/1.14.12/byte-buddy-1.14.12.jar:/Users/craigbanksjr/.m2/repository/org/glassfish/jaxb/jaxb-runtime/4.0.5/jaxb-runtime-4.0.5.jar:/Users/craigbanksjr/.m2/repository/org/glassfish/jaxb/jaxb-core/4.0.5/jaxb-core-4.0.5.jar:/Users/craigbanksjr/.m2/repository/org/eclipse/angus/angus-activation/2.0.2/angus-activation-2.0.2.jar:/Users/craigbanksjr/.m2/repository/org/glassfish/jaxb/txw2/4.0.5/txw2-4.0.5.jar:/Users/craigbanksjr/.m2/repository/com/sun/istack/istack-commons-runtime/4.1.2/istack-commons-runtime-4.1.2.jar:/Users/craigbanksjr/.m2/repository/jakarta/inject/jakarta.inject-api/2.0.1/jakarta.inject-api-2.0.1.jar:/Users/craigbanksjr/.m2/repository/org/antlr/antlr4-runtime/4.13.0/antlr4-runtime-4.13.0.jar:/Users/craigbanksjr/.m2/repository/org/springframework/data/spring-data-jpa/3.2.4/spring-data-jpa-3.2.4.jar:/Users/craigbanksjr/.m2/repository/org/springframework/data/spring-data-commons/3.2.4/spring-data-commons-3.2.4.jar:/Users/craigbanksjr/.m2/repository/org/springframework/spring-orm/6.1.5/spring-orm-6.1.5.jar:/Users/craigbanksjr/.m2/repository/org/springframework/spring-context/6.1.5/spring-context-6.1.5.jar:/Users/craigbanksjr/.m2/repository/org/springframework/spring-tx/6.1.5/spring-tx-6.1.5.jar:/Users/craigbanksjr/.m2/repository/org/springframework/spring-beans/6.1.5/spring-beans-6.1.5.jar:/Users/craigbanksjr/.m2/repository/org/slf4j/slf4j-api/2.0.12/slf4j-api-2.0.12.jar:/Users/craigbanksjr/.m2/repository/org/springframework/spring-aspects/6.1.5/spring-aspects-6.1.5.jar:/Users/craigbanksjr/.m2/repository/org/springframework/boot/spring-boot-starter-web/3.2.4/spring-boot-starter-web-3.2.4.jar:/Users/craigbanksjr/.m2/repository/org/springframework/boot/spring-boot-starter-json/3.2.4/spring-boot-starter-json-3.2.4.jar:/Users/craigbanksjr/.m2/repository/com/fasterxml/jackson/datatype/jackson-datatype-jdk8/2.15.4/jackson-datatype-jdk8-2.15.4.jar:/Users/craigbanksjr/.m2/repository/com/fasterxml/jackson/module/jackson-module-parameter-names/2.15.4/jackson-module-parameter-names-2.15.4.jar:/Users/craigbanksjr/.m2/repository/org/springframework/boot/spring-boot-starter-tomcat/3.2.4/spring-boot-starter-tomcat-3.2.4.jar:/Users/craigbanksjr/.m2/repository/org/apache/tomcat/embed/tomcat-embed-core/10.1.19/tomcat-embed-core-10.1.19.jar:/Users/craigbanksjr/.m2/repository/org/apache/tomcat/embed/tomcat-embed-el/10.1.19/tomcat-embed-el-10.1.19.jar:/Users/craigbanksjr/.m2/repository/org/apache/tomcat/embed/tomcat-embed-websocket/10.1.19/tomcat-embed-websocket-10.1.19.jar:/Users/craigbanksjr/.m2/repository/org/springframework/spring-web/6.1.5/spring-web-6.1.5.jar:/Users/craigbanksjr/.m2/repository/org/springframework/spring-webmvc/6.1.5/spring-webmvc-6.1.5.jar:/Users/craigbanksjr/.m2/repository/org/springframework/spring-expression/6.1.5/spring-expression-6.1.5.jar:/Users/craigbanksjr/.m2/repository/org/springframework/boot/spring-boot-devtools/3.2.4/spring-boot-devtools-3.2.4.jar:/Users/craigbanksjr/.m2/repository/org/springframework/boot/spring-boot/3.2.4/spring-boot-3.2.4.jar:/Users/craigbanksjr/.m2/repository/org/springframework/boot/spring-boot-autoconfigure/3.2.4/spring-boot-autoconfigure-3.2.4.jar:/Users/craigbanksjr/.m2/repository/org/postgresql/postgresql/42.6.2/postgresql-42.6.2.jar:/Users/craigbanksjr/.m2/repository/org/checkerframework/checker-qual/3.31.0/checker-qual-3.31.0.jar:/Users/craigbanksjr/.m2/repository/org/projectlombok/lombok/1.18.30/lombok-1.18.30.jar:/Users/craigbanksjr/.m2/repository/org/springframework/boot/spring-boot-starter-test/3.2.4/spring-boot-starter-test-3.2.4.jar:/Users/craigbanksjr/.m2/repository/org/springframework/boot/spring-boot-test/3.2.4/spring-boot-test-3.2.4.jar:/Users/craigbanksjr/.m2/repository/org/springframework/boot/spring-boot-test-autoconfigure/3.2.4/spring-boot-test-autoconfigure-3.2.4.jar:/Users/craigbanksjr/.m2/repository/com/jayway/jsonpath/json-path/2.9.0/json-path-2.9.0.jar:/Users/craigbanksjr/.m2/repository/jakarta/xml/bind/jakarta.xml.bind-api/4.0.2/jakarta.xml.bind-api-4.0.2.jar:/Users/craigbanksjr/.m2/repository/jakarta/activation/jakarta.activation-api/2.1.3/jakarta.activation-api-2.1.3.jar:/Users/craigbanksjr/.m2/repository/net/minidev/json-smart/2.5.0/json-smart-2.5.0.jar:/Users/craigbanksjr/.m2/repository/net/minidev/accessors-smart/2.5.0/accessors-smart-2.5.0.jar:/Users/craigbanksjr/.m2/repository/org/ow2/asm/asm/9.3/asm-9.3.jar:/Users/craigbanksjr/.m2/repository/org/assertj/assertj-core/3.24.2/assertj-core-3.24.2.jar:/Users/craigbanksjr/.m2/repository/org/awaitility/awaitility/4.2.0/awaitility-4.2.0.jar:/Users/craigbanksjr/.m2/repository/org/hamcrest/hamcrest/2.2/hamcrest-2.2.jar:/Users/craigbanksjr/.m2/repository/org/junit/jupiter/junit-jupiter/5.10.2/junit-jupiter-5.10.2.jar:/Users/craigbanksjr/.m2/repository/org/junit/jupiter/junit-jupiter-params/5.10.2/junit-jupiter-params-5.10.2.jar:/Users/craigbanksjr/.m2/repository/org/junit/jupiter/junit-jupiter-engine/5.10.2/junit-jupiter-engine-5.10.2.jar:/Users/craigbanksjr/.m2/repository/org/junit/platform/junit-platform-engine/1.10.2/junit-platform-engine-1.10.2.jar:/Users/craigbanksjr/.m2/repository/org/mockito/mockito-core/5.7.0/mockito-core-5.7.0.jar:/Users/craigbanksjr/.m2/repository/net/bytebuddy/byte-buddy-agent/1.14.12/byte-buddy-agent-1.14.12.jar:/Users/craigbanksjr/.m2/repository/org/objenesis/objenesis/3.3/objenesis-3.3.jar:/Users/craigbanksjr/.m2/repository/org/mockito/mockito-junit-jupiter/5.7.0/mockito-junit-jupiter-5.7.0.jar:/Users/craigbanksjr/.m2/repository/org/skyscreamer/jsonassert/1.5.1/jsonassert-1.5.1.jar:/Users/craigbanksjr/.m2/repository/com/vaadin/external/google/android-json/0.0.20131108.vaadin1/android-json-0.0.20131108.vaadin1.jar:/Users/craigbanksjr/.m2/repository/org/springframework/spring-core/6.1.5/spring-core-6.1.5.jar:/Users/craigbanksjr/.m2/repository/org/springframework/spring-jcl/6.1.5/spring-jcl-6.1.5.jar:/Users/craigbanksjr/.m2/repository/org/springframework/spring-test/6.1.5/spring-test-6.1.5.jar:/Users/craigbanksjr/.m2/repository/org/xmlunit/xmlunit-core/2.9.1/xmlunit-core-2.9.1.jar:/Users/craigbanksjr/.m2/repository/org/modelmapper/modelmapper/3.0.0/modelmapper-3.0.0.jar:/Users/craigbanksjr/.m2/repository/org/junit/jupiter/junit-jupiter-api/5.10.2/junit-jupiter-api-5.10.2.jar:/Users/craigbanksjr/.m2/repository/org/opentest4j/opentest4j/1.3.0/opentest4j-1.3.0.jar:/Users/craigbanksjr/.m2/repository/org/junit/platform/junit-platform-commons/1.10.2/junit-platform-commons-1.10.2.jar:/Users/craigbanksjr/.m2/repository/org/apiguardian/apiguardian-api/1.1.2/apiguardian-api-1.1.2.jar:"/>
    <property name="sun.cpu.endian" value="little"/>
    <property name="user.home" value="/Users/craigbanksjr"/>
    <property name="user.language" value="en"/>
    <property name="java.specification.vendor" value="Oracle Corporation"/>
    <property name="java.version.date" value="2024-01-16"/>
    <property name="java.home" value="/opt/homebrew/Cellar/openjdk/21.0.2/libexec/openjdk.jdk/Contents/Home"/>
    <property name="file.separator" value="/"/>
    <property name="basedir" value="/Users/craigbanksjr/Desktop/projects/full-stack-finance-calculator/backend/finance-calculator"/>
    <property name="java.vm.compressedOopsMode" value="Zero based"/>
    <property name="line.separator" value="&#10;"/>
    <property name="java.vm.specification.vendor" value="Oracle Corporation"/>
    <property name="java.specification.name" value="Java Platform API Specification"/>
    <property name="FILE_LOG_CHARSET" value="UTF-8"/>
    <property name="java.awt.headless" value="true"/>
    <property name="apple.awt.application.name" value="ForkedBooter"/>
    <property name="surefire.real.class.path" value="/Users/craigbanksjr/Desktop/projects/full-stack-finance-calculator/backend/finance-calculator/target/surefire/surefirebooter-20240416002839262_3.jar"/>
    <property name="sun.management.compiler" value="HotSpot 64-Bit Tiered Compilers"/>
    <property name="ftp.nonProxyHosts" value="local|*.local|169.254/16|*.169.254/16"/>
    <property name="java.runtime.version" value="21.0.2"/>
    <property name="user.name" value="craigbanksjr"/>
    <property name="stdout.encoding" value="UTF-8"/>
    <property name="path.separator" value=":"/>
    <property name="os.version" value="14.4.1"/>
    <property name="java.runtime.name" value="OpenJDK Runtime Environment"/>
    <property name="file.encoding" value="UTF-8"/>
    <property name="java.vm.name" value="OpenJDK 64-Bit Server VM"/>
    <property name="java.vendor.version" value="Homebrew"/>
    <property name="localRepository" value="/Users/craigbanksjr/.m2/repository"/>
    <property name="java.vendor.url.bug" value="https://github.com/Homebrew/homebrew-core/issues"/>
    <property name="java.io.tmpdir" value="/var/folders/7d/fkdvy6r96wvc_4y83px376c00000gn/T/"/>
    <property name="com.zaxxer.hikari.pool_number" value="1"/>
    <property name="java.version" value="21.0.2"/>
    <property name="user.dir" value="/Users/craigbanksjr/Desktop/projects/full-stack-finance-calculator/backend/finance-calculator"/>
    <property name="os.arch" value="aarch64"/>
    <property name="java.vm.specification.name" value="Java Virtual Machine Specification"/>
    <property name="PID" value="70364"/>
    <property name="CONSOLE_LOG_CHARSET" value="UTF-8"/>
    <property name="native.encoding" value="UTF-8"/>
    <property name="java.library.path" value="/Users/craigbanksjr/Library/Java/Extensions:/Library/Java/Extensions:/Network/Library/Java/Extensions:/System/Library/Java/Extensions:/usr/lib/java:."/>
    <property name="java.vm.info" value="mixed mode, sharing"/>
    <property name="stderr.encoding" value="UTF-8"/>
    <property name="java.vendor" value="Homebrew"/>
    <property name="java.vm.version" value="21.0.2"/>
    <property name="sun.io.unicode.encoding" value="UnicodeBig"/>
    <property name="socksNonProxyHosts" value="local|*.local|169.254/16|*.169.254/16"/>
    <property name="java.class.version" value="65.0"/>
  </properties>
  <testcase name="testMoneyForVacation" classname="com.financecalculator.financecalculator.VacationServiceImplTest" time="0.367">
    <system-out><![CDATA[00:28:39.608 [main] INFO org.springframework.test.context.support.AnnotationConfigContextLoaderUtils -- Could not detect default configuration classes for test class [com.financecalculator.financecalculator.VacationServiceImplTest]: VacationServiceImplTest does not declare any static, non-private, non-final, nested classes annotated with @Configuration.
00:28:39.647 [main] INFO org.springframework.boot.test.context.SpringBootTestContextBootstrapper -- Found @SpringBootConfiguration com.financecalculator.financecalculator.FinanceCalculatorApplication for test class com.financecalculator.financecalculator.VacationServiceImplTest
00:28:39.702 [main] INFO org.springframework.boot.devtools.restart.RestartApplicationListener -- Restart disabled due to context in which it is running

  .   ____          _            __ _ _
 /\\ / ___'_ __ _ _(_)_ __  __ _ \ \ \ \
( ( )\___ | '_ | '_| | '_ \/ _` | \ \ \ \
 \\/  ___)| |_)| | | | | || (_| |  ) ) ) )
  '  |____| .__|_| |_|_| |_\__, | / / / /
 =========|_|==============|___/=/_/_/_/
 :: Spring Boot ::                (v3.2.4)

2024-04-16T00:28:39.812-05:00  INFO 70364 --- [           main] c.f.f.VacationServiceImplTest            : Starting VacationServiceImplTest using Java 21.0.2 with PID 70364 (started by craigbanksjr in /Users/craigbanksjr/Desktop/projects/full-stack-finance-calculator/backend/finance-calculator)
2024-04-16T00:28:39.813-05:00  INFO 70364 --- [           main] c.f.f.VacationServiceImplTest            : No active profile set, falling back to 1 default profile: "default"
2024-04-16T00:28:40.154-05:00  INFO 70364 --- [           main] .s.d.r.c.RepositoryConfigurationDelegate : Bootstrapping Spring Data JPA repositories in DEFAULT mode.
2024-04-16T00:28:40.175-05:00  INFO 70364 --- [           main] .s.d.r.c.RepositoryConfigurationDelegate : Finished Spring Data repository scanning in 18 ms. Found 4 JPA repository interfaces.
2024-04-16T00:28:40.441-05:00  INFO 70364 --- [           main] o.hibernate.jpa.internal.util.LogHelper  : HHH000204: Processing PersistenceUnitInfo [name: default]
2024-04-16T00:28:40.461-05:00  INFO 70364 --- [           main] org.hibernate.Version                    : HHH000412: Hibernate ORM core version 6.4.4.Final
2024-04-16T00:28:40.471-05:00  INFO 70364 --- [           main] o.h.c.internal.RegionFactoryInitiator    : HHH000026: Second-level cache disabled
2024-04-16T00:28:40.560-05:00  INFO 70364 --- [           main] o.s.o.j.p.SpringPersistenceUnitInfo      : No LoadTimeWeaver setup: ignoring JPA class transformer
2024-04-16T00:28:40.570-05:00  INFO 70364 --- [           main] com.zaxxer.hikari.HikariDataSource       : HikariPool-1 - Starting...
2024-04-16T00:28:40.675-05:00  INFO 70364 --- [           main] com.zaxxer.hikari.pool.HikariPool        : HikariPool-1 - Added connection org.postgresql.jdbc.PgConnection@36cfe107
2024-04-16T00:28:40.676-05:00  INFO 70364 --- [           main] com.zaxxer.hikari.HikariDataSource       : HikariPool-1 - Start completed.
2024-04-16T00:28:40.689-05:00  WARN 70364 --- [           main] org.hibernate.orm.deprecation            : HHH90000025: PostgreSQLDialect does not need to be specified explicitly using 'hibernate.dialect' (remove the property setting and it will be selected by default)
2024-04-16T00:28:41.020-05:00  INFO 70364 --- [           main] o.h.e.t.j.p.i.JtaPlatformInitiator       : HHH000489: No JTA platform available (set 'hibernate.transaction.jta.platform' to enable JTA platform integration)
Hibernate: drop table if exists account cascade
2024-04-16T00:28:41.027-05:00  WARN 70364 --- [           main] o.h.engine.jdbc.spi.SqlExceptionHelper   : SQL Warning Code: 0, SQLState: 00000
2024-04-16T00:28:41.027-05:00  WARN 70364 --- [           main] o.h.engine.jdbc.spi.SqlExceptionHelper   : table "account" does not exist, skipping
Hibernate: drop table if exists expenses cascade
2024-04-16T00:28:41.027-05:00  WARN 70364 --- [           main] o.h.engine.jdbc.spi.SqlExceptionHelper   : SQL Warning Code: 0, SQLState: 00000
2024-04-16T00:28:41.027-05:00  WARN 70364 --- [           main] o.h.engine.jdbc.spi.SqlExceptionHelper   : table "expenses" does not exist, skipping
Hibernate: drop table if exists savings cascade
2024-04-16T00:28:41.027-05:00  WARN 70364 --- [           main] o.h.engine.jdbc.spi.SqlExceptionHelper   : SQL Warning Code: 0, SQLState: 00000
2024-04-16T00:28:41.027-05:00  WARN 70364 --- [           main] o.h.engine.jdbc.spi.SqlExceptionHelper   : table "savings" does not exist, skipping
Hibernate: drop table if exists vacation cascade
2024-04-16T00:28:41.028-05:00  WARN 70364 --- [           main] o.h.engine.jdbc.spi.SqlExceptionHelper   : SQL Warning Code: 0, SQLState: 00000
2024-04-16T00:28:41.028-05:00  WARN 70364 --- [           main] o.h.engine.jdbc.spi.SqlExceptionHelper   : table "vacation" does not exist, skipping
Hibernate: drop sequence if exists account_seq
2024-04-16T00:28:41.028-05:00  WARN 70364 --- [           main] o.h.engine.jdbc.spi.SqlExceptionHelper   : SQL Warning Code: 0, SQLState: 00000
2024-04-16T00:28:41.028-05:00  WARN 70364 --- [           main] o.h.engine.jdbc.spi.SqlExceptionHelper   : sequence "account_seq" does not exist, skipping
Hibernate: drop sequence if exists expenses_seq
2024-04-16T00:28:41.028-05:00  WARN 70364 --- [           main] o.h.engine.jdbc.spi.SqlExceptionHelper   : SQL Warning Code: 0, SQLState: 00000
2024-04-16T00:28:41.028-05:00  WARN 70364 --- [           main] o.h.engine.jdbc.spi.SqlExceptionHelper   : sequence "expenses_seq" does not exist, skipping
Hibernate: drop sequence if exists savings_seq
2024-04-16T00:28:41.028-05:00  WARN 70364 --- [           main] o.h.engine.jdbc.spi.SqlExceptionHelper   : SQL Warning Code: 0, SQLState: 00000
2024-04-16T00:28:41.028-05:00  WARN 70364 --- [           main] o.h.engine.jdbc.spi.SqlExceptionHelper   : sequence "savings_seq" does not exist, skipping
Hibernate: drop sequence if exists vacation_seq
2024-04-16T00:28:41.029-05:00  WARN 70364 --- [           main] o.h.engine.jdbc.spi.SqlExceptionHelper   : SQL Warning Code: 0, SQLState: 00000
2024-04-16T00:28:41.029-05:00  WARN 70364 --- [           main] o.h.engine.jdbc.spi.SqlExceptionHelper   : sequence "vacation_seq" does not exist, skipping
Hibernate: create sequence account_seq start with 1 increment by 50
Hibernate: create sequence expenses_seq start with 1 increment by 50
Hibernate: create sequence savings_seq start with 1 increment by 50
Hibernate: create sequence vacation_seq start with 1 increment by 50
Hibernate: create table account (amount float(53) not null, deducted float(53) not null, remaining float(53) not null, id bigint not null, primary key (id))
Hibernate: create table expenses (allocated_amount float(53) not null, allocation_taken_out float(53) not null, initial_amount float(53) not null, percent float(53) not null, total_allocation float(53) not null, total_allocation_taken_out float(53) not null, id bigint not null, primary key (id))
Hibernate: create table savings (allocated_amount float(53) not null, allocation_taken_out float(53) not null, initial_amount float(53) not null, percent float(53) not null, total_allocation float(53) not null, total_allocation_taken_out float(53) not null, id bigint not null, primary key (id))
Hibernate: create table vacation (allocated_amount float(53) not null, allocation_taken_out float(53) not null, initial_amount float(53) not null, percent float(53) not null, total_allocation float(53) not null, total_allocation_taken_out float(53) not null, id bigint not null, primary key (id))
2024-04-16T00:28:41.053-05:00  INFO 70364 --- [           main] j.LocalContainerEntityManagerFactoryBean : Initialized JPA EntityManagerFactory for persistence unit 'default'
2024-04-16T00:28:41.299-05:00  WARN 70364 --- [           main] JpaBaseConfiguration$JpaWebConfiguration : spring.jpa.open-in-view is enabled by default. Therefore, database queries may be performed during view rendering. Explicitly configure spring.jpa.open-in-view to disable this warning
2024-04-16T00:28:41.615-05:00  INFO 70364 --- [           main] o.s.b.a.e.web.EndpointLinksResolver      : Exposing 1 endpoint(s) beneath base path '/actuator'
2024-04-16T00:28:41.652-05:00  INFO 70364 --- [           main] c.f.f.VacationServiceImplTest            : Started VacationServiceImplTest in 1.953 seconds (process running for 2.352)
Hibernate: select v1_0.id,v1_0.allocated_amount,v1_0.allocation_taken_out,v1_0.initial_amount,v1_0.percent,v1_0.total_allocation,v1_0.total_allocation_taken_out from vacation v1_0
Hibernate: select nextval('vacation_seq')
Hibernate: insert into vacation (allocated_amount,allocation_taken_out,initial_amount,percent,total_allocation,total_allocation_taken_out,id) values (?,?,?,?,?,?,?)
Hibernate: select nextval('account_seq')
Hibernate: insert into account (amount,deducted,remaining,id) values (?,?,?,?)
]]></system-out>
    <system-err><![CDATA[WARNING: A Java agent has been loaded dynamically (/Users/craigbanksjr/.m2/repository/net/bytebuddy/byte-buddy-agent/1.14.12/byte-buddy-agent-1.14.12.jar)
WARNING: If a serviceability tool is in use, please run with -XX:+EnableDynamicAgentLoading to hide this warning
WARNING: If a serviceability tool is not in use, please run with -Djdk.instrument.traceUsage for more information
WARNING: Dynamic loading of agents will be disallowed by default in a future release
]]></system-err>
  </testcase>
  <testcase name="testMoneyOutOfVacation" classname="com.financecalculator.financecalculator.VacationServiceImplTest" time="0.016">
    <system-out><![CDATA[Hibernate: select v1_0.id,v1_0.allocated_amount,v1_0.allocation_taken_out,v1_0.initial_amount,v1_0.percent,v1_0.total_allocation,v1_0.total_allocation_taken_out from vacation v1_0
Hibernate: select nextval('vacation_seq')
Hibernate: insert into vacation (allocated_amount,allocation_taken_out,initial_amount,percent,total_allocation,total_allocation_taken_out,id) values (?,?,?,?,?,?,?)
Hibernate: select nextval('account_seq')
Hibernate: insert into account (amount,deducted,remaining,id) values (?,?,?,?)
Hibernate: select v1_0.id,v1_0.allocated_amount,v1_0.allocation_taken_out,v1_0.initial_amount,v1_0.percent,v1_0.total_allocation,v1_0.total_allocation_taken_out from vacation v1_0
Hibernate: select v1_0.id,v1_0.allocated_amount,v1_0.allocation_taken_out,v1_0.initial_amount,v1_0.percent,v1_0.total_allocation,v1_0.total_allocation_taken_out from vacation v1_0 where v1_0.id=?
Hibernate: delete from vacation where id=?
Hibernate: select v1_0.id,v1_0.allocated_amount,v1_0.allocation_taken_out,v1_0.initial_amount,v1_0.percent,v1_0.total_allocation,v1_0.total_allocation_taken_out from vacation v1_0 where v1_0.id=?
Hibernate: delete from vacation where id=?
]]></system-out>
  </testcase>
  <testcase name="testGetAllVacation" classname="com.financecalculator.financecalculator.VacationServiceImplTest" time="0.005">
    <system-out><![CDATA[Hibernate: select v1_0.id,v1_0.allocated_amount,v1_0.allocation_taken_out,v1_0.initial_amount,v1_0.percent,v1_0.total_allocation,v1_0.total_allocation_taken_out from vacation v1_0
Hibernate: insert into vacation (allocated_amount,allocation_taken_out,initial_amount,percent,total_allocation,total_allocation_taken_out,id) values (?,?,?,?,?,?,?)
Hibernate: insert into account (amount,deducted,remaining,id) values (?,?,?,?)
Hibernate: select v1_0.id,v1_0.allocated_amount,v1_0.allocation_taken_out,v1_0.initial_amount,v1_0.percent,v1_0.total_allocation,v1_0.total_allocation_taken_out from vacation v1_0
]]></system-out>
  </testcase>
</testsuite>